<?xml version="1.0" encoding="UTF-8"?>
<testsuite name="Run on Firefox"
           tests="6"
           failures="0"
           errors="0"
           skipped="0"
           time="10.175">
  <properties />
  
  
            <testcase name="TC_06_Register_Invalid_Confirm_Password" time="1.502" classname="com.nopcommerce.user.Suite_01_Register_Account" />
                <testcase name="TC_03_Register_Valid_Information" time="2.940" classname="com.nopcommerce.user.Suite_01_Register_Account" />
                <testcase name="TC_04_Register_Existing_Email" time="1.675" classname="com.nopcommerce.user.Suite_01_Register_Account" />
                <testcase name="TC_05_Register_Password_Less_Than_6_Chars" time="1.522" classname="com.nopcommerce.user.Suite_01_Register_Account" />
                <testcase name="TC_01_Register_Empty_Data" time="1.284" classname="com.nopcommerce.user.Suite_01_Register_Account" />
                <testcase name="TC_02_Register_Invalid_Email" time="1.252" classname="com.nopcommerce.user.Suite_01_Register_Account" />
      
</testsuite>
